# JRE version: Java(TM) SE Runtime Environment (8.0_131-b11) (build 1.8.0_131-b11)
# Java VM: Java HotSpot(TM) 64-Bit Server VM (25.131-b11 mixed mode bsd-amd64 compressed oops)
Heap:
 PSYoungGen      total 339968K, used 42758K [0x0000000795580000, 0x00000007ac080000, 0x00000007c0000000)
  eden space 330240K, 10% used [0x0000000795580000,0x00000007975e7588,0x00000007a9800000)
  from space 9728K, 98% used [0x00000007ab700000,0x00000007ac05a358,0x00000007ac080000)
  to   space 13312K, 0% used [0x00000007aa680000,0x00000007aa680000,0x00000007ab380000)
 ParOldGen       total 74752K, used 19137K [0x0000000740000000, 0x0000000744900000, 0x0000000795580000)
  object space 74752K, 25% used [0x0000000740000000,0x00000007412b0490,0x0000000744900000)
 Metaspace       used 43219K, capacity 43726K, committed 44328K, reserved 1087488K
  class space    used 5404K, capacity 5549K, committed 5672K, reserved 1048576K
GC Heap History (10 events):
Event: 5.147 GC heap before
{Heap before GC invocations=8 (full 1):
 PSYoungGen      total 144384K, used 133120K [0x0000000795580000, 0x000000079ed80000, 0x00000007c0000000)
  eden space 133120K, 100% used [0x0000000795580000,0x000000079d780000,0x000000079d780000)
  from space 11264K, 0% used [0x000000079e280000,0x000000079e280000,0x000000079ed80000)
  to   space 11264K, 0% used [0x000000079d780000,0x000000079d780000,0x000000079e280000)
 ParOldGen       total 54784K, used 9530K [0x0000000740000000, 0x0000000743580000, 0x0000000795580000)
  object space 54784K, 17% used [0x0000000740000000,0x000000074094eaa0,0x0000000743580000)
 Metaspace       used 25917K, capacity 26288K, committed 26624K, reserved 1073152K
  class space    used 3195K, capacity 3285K, committed 3328K, reserved 1048576K
Event: 5.159 GC heap after
Heap after GC invocations=8 (full 1):
 PSYoungGen      total 144384K, used 7057K [0x0000000795580000, 0x00000007a5400000, 0x00000007c0000000)
  eden space 133120K, 0% used [0x0000000795580000,0x0000000795580000,0x000000079d780000)
  from space 11264K, 62% used [0x000000079d780000,0x000000079de644c0,0x000000079e280000)
  to   space 10752K, 0% used [0x00000007a4980000,0x00000007a4980000,0x00000007a5400000)
 ParOldGen       total 54784K, used 9538K [0x0000000740000000, 0x0000000743580000, 0x0000000795580000)
  object space 54784K, 17% used [0x0000000740000000,0x0000000740950aa0,0x0000000743580000)
 Metaspace       used 25917K, capacity 26288K, committed 26624K, reserved 1073152K
  class space    used 3195K, capacity 3285K, committed 3328K, reserved 1048576K
}
Event: 6.705 GC heap before
{Heap before GC invocations=9 (full 1):
 PSYoungGen      total 144384K, used 140177K [0x0000000795580000, 0x00000007a5400000, 0x00000007c0000000)
  eden space 133120K, 100% used [0x0000000795580000,0x000000079d780000,0x000000079d780000)
  from space 11264K, 62% used [0x000000079d780000,0x000000079de644c0,0x000000079e280000)
  to   space 10752K, 0% used [0x00000007a4980000,0x00000007a4980000,0x00000007a5400000)
 ParOldGen       total 54784K, used 9538K [0x0000000740000000, 0x0000000743580000, 0x0000000795580000)
  object space 54784K, 17% used [0x0000000740000000,0x0000000740950aa0,0x0000000743580000)
 Metaspace       used 33593K, capacity 34028K, committed 34304K, reserved 1079296K
  class space    used 4215K, capacity 4338K, committed 4352K, reserved 1048576K
Event: 6.719 GC heap after
Heap after GC invocations=9 (full 1):
 PSYoungGen      total 244736K, used 10723K [0x0000000795580000, 0x00000007a5400000, 0x00000007c0000000)
  eden space 233984K, 0% used [0x0000000795580000,0x0000000795580000,0x00000007a3a00000)
  from space 10752K, 99% used [0x00000007a4980000,0x00000007a53f8c10,0x00000007a5400000)
  to   space 12800K, 0% used [0x00000007a3b00000,0x00000007a3b00000,0x00000007a4780000)
 ParOldGen       total 54784K, used 11674K [0x0000000740000000, 0x0000000743580000, 0x0000000795580000)
  object space 54784K, 21% used [0x0000000740000000,0x0000000740b66bc0,0x0000000743580000)
 Metaspace       used 33593K, capacity 34028K, committed 34304K, reserved 1079296K
  class space    used 4215K, capacity 4338K, committed 4352K, reserved 1048576K
}
Event: 6.878 GC heap before
{Heap before GC invocations=10 (full 1):
 PSYoungGen      total 244736K, used 30688K [0x0000000795580000, 0x00000007a5400000, 0x00000007c0000000)
  eden space 233984K, 8% used [0x0000000795580000,0x00000007968ff7c0,0x00000007a3a00000)
  from space 10752K, 99% used [0x00000007a4980000,0x00000007a53f8c10,0x00000007a5400000)
  to   space 12800K, 0% used [0x00000007a3b00000,0x00000007a3b00000,0x00000007a4780000)
 ParOldGen       total 54784K, used 11674K [0x0000000740000000, 0x0000000743580000, 0x0000000795580000)
  object space 54784K, 21% used [0x0000000740000000,0x0000000740b66bc0,0x0000000743580000)
 Metaspace       used 34792K, capacity 35212K, committed 35496K, reserved 1081344K
  class space    used 4350K, capacity 4498K, committed 4520K, reserved 1048576K
Event: 6.893 GC heap after
Heap after GC invocations=10 (full 1):
 PSYoungGen      total 247808K, used 10071K [0x0000000795580000, 0x00000007ac400000, 0x00000007c0000000)
  eden space 235008K, 0% used [0x0000000795580000,0x0000000795580000,0x00000007a3b00000)
  from space 12800K, 78% used [0x00000007a3b00000,0x00000007a44d5f80,0x00000007a4780000)
  to   space 13312K, 0% used [0x00000007ab700000,0x00000007ab700000,0x00000007ac400000)
 ParOldGen       total 54784K, used 11682K [0x0000000740000000, 0x0000000743580000, 0x0000000795580000)
  object space 54784K, 21% used [0x0000000740000000,0x0000000740b68bc0,0x0000000743580000)
 Metaspace       used 34792K, capacity 35212K, committed 35496K, reserved 1081344K
  class space    used 4350K, capacity 4498K, committed 4520K, reserved 1048576K
}
Event: 6.893 GC heap before
{Heap before GC invocations=11 (full 2):
 PSYoungGen      total 247808K, used 10071K [0x0000000795580000, 0x00000007ac400000, 0x00000007c0000000)
  eden space 235008K, 0% used [0x0000000795580000,0x0000000795580000,0x00000007a3b00000)
  from space 12800K, 78% used [0x00000007a3b00000,0x00000007a44d5f80,0x00000007a4780000)
  to   space 13312K, 0% used [0x00000007ab700000,0x00000007ab700000,0x00000007ac400000)
 ParOldGen       total 54784K, used 11682K [0x0000000740000000, 0x0000000743580000, 0x0000000795580000)
  object space 54784K, 21% used [0x0000000740000000,0x0000000740b68bc0,0x0000000743580000)
 Metaspace       used 34792K, capacity 35212K, committed 35496K, reserved 1081344K
  class space    used 4350K, capacity 4498K, committed 4520K, reserved 1048576K
Event: 6.962 GC heap after
Heap after GC invocations=11 (full 2):
 PSYoungGen      total 247808K, used 0K [0x0000000795580000, 0x00000007ac400000, 0x00000007c0000000)
  eden space 235008K, 0% used [0x0000000795580000,0x0000000795580000,0x00000007a3b00000)
  from space 12800K, 0% used [0x00000007a3b00000,0x00000007a3b00000,0x00000007a4780000)
  to   space 13312K, 0% used [0x00000007ab700000,0x00000007ab700000,0x00000007ac400000)
 ParOldGen       total 74752K, used 19129K [0x0000000740000000, 0x0000000744900000, 0x0000000795580000)
  object space 74752K, 25% used [0x0000000740000000,0x00000007412ae490,0x0000000744900000)
 Metaspace       used 34792K, capacity 35212K, committed 35496K, reserved 1081344K
  class space    used 4350K, capacity 4498K, committed 4520K, reserved 1048576K
}
Event: 37.893 GC heap before
{Heap before GC invocations=12 (full 2):
 PSYoungGen      total 247808K, used 235008K [0x0000000795580000, 0x00000007ac400000, 0x00000007c0000000)
  eden space 235008K, 100% used [0x0000000795580000,0x00000007a3b00000,0x00000007a3b00000)
  from space 12800K, 0% used [0x00000007a3b00000,0x00000007a3b00000,0x00000007a4780000)
  to   space 13312K, 0% used [0x00000007ab700000,0x00000007ab700000,0x00000007ac400000)
 ParOldGen       total 74752K, used 19129K [0x0000000740000000, 0x0000000744900000, 0x0000000795580000)
  object space 74752K, 25% used [0x0000000740000000,0x00000007412ae490,0x0000000744900000)
 Metaspace       used 41304K, capacity 41746K, committed 42152K, reserved 1085440K
  class space    used 5141K, capacity 5255K, committed 5288K, reserved 1048576K
Event: 37.917 GC heap after
Heap after GC invocations=12 (full 2):
 PSYoungGen      total 339968K, used 9576K [0x0000000795580000, 0x00000007ac080000, 0x00000007c0000000)
  eden space 330240K, 0% used [0x0000000795580000,0x0000000795580000,0x00000007a9800000)
  from space 9728K, 98% used [0x00000007ab700000,0x00000007ac05a358,0x00000007ac080000)
  to   space 13312K, 0% used [0x00000007aa680000,0x00000007aa680000,0x00000007ab380000)
 ParOldGen       total 74752K, used 19137K [0x0000000740000000, 0x0000000744900000, 0x0000000795580000)
  object space 74752K, 25% used [0x0000000740000000,0x00000007412b0490,0x0000000744900000)
 Metaspace       used 41304K, capacity 41746K, committed 42152K, reserved 1085440K
  class space    used 5141K, capacity 5255K, committed 5288K, reserved 1048576K
}

